# JRE version: Java(TM) SE Runtime Environment (26.0+35) (build 26+35-2893)
# Java VM: Java HotSpot(TM) 64-Bit Server VM (26+35-2893, mixed mode, sharing, tiered, compressed oops, compressed class ptrs, g1 gc, windows-amd64)
GC Precious Log:
 CardTable entry size: 512
 Card Set container configuration: InlinePtr #cards 4 size 8 Array Of Cards #cards 16 size 48 Howl #buckets 8 coarsen threshold 3686 Howl Bitmap #cards 512 size 80 coarsen threshold 460 Card regions per heap region 1 cards per card region 4096
 CPUs: 12 total, 12 available
 Memory: 16071M
 Large Page Support: Disabled
 NUMA Support: Disabled
 Compressed Oops: Enabled (Zero based)
 Heap Region Size: 2M
 Heap Min Capacity: 8M
 Heap Initial Capacity: 8M
 Heap Max Capacity: 4G
 Pre-touch: Disabled
 Parallel Workers: 10
 Concurrent Workers: 3
 Concurrent Refinement Workers: 10
 Periodic GC: Disabled
Heap:
 garbage-first heap   total reserved 4194304K, committed 92160K, used 58994K [0x0000000700000000, 0x0000000800000000)
  region size 2M, 7 eden (14M), 1 survivor (2M), 22 old (44M), 2 humongous (4M), 13 free (26M)
GC Heap Usage History (20 events):
Event: 45.450 {heap Before GC invocations=20 (full 0):
 garbage-first heap   total reserved 4194304K, committed 98304K, used 75523K [0x0000000700000000, 0x0000000800000000)
  region size 2M, 18 eden (36M), 3 survivor (6M), 16 old (32M), 2 humongous (4M), 9 free (18M)
}
Event: 45.467 {heap After GC invocations=21 (full 0):
 garbage-first heap   total reserved 4194304K, committed 92160K, used 41754K [0x0000000700000000, 0x0000000800000000)
  region size 2M, 0 eden (0M), 2 survivor (4M), 18 old (36M), 2 humongous (4M), 23 free (46M)
}
Event: 47.376 {heap Before GC invocations=21 (full 0):
 garbage-first heap   total reserved 4194304K, committed 92160K, used 74522K [0x0000000700000000, 0x0000000800000000)
  region size 2M, 16 eden (32M), 2 survivor (4M), 18 old (36M), 2 humongous (4M), 7 free (14M)
}
Event: 47.389 {heap After GC invocations=22 (full 0):
 garbage-first heap   total reserved 4194304K, committed 92160K, used 43403K [0x0000000700000000, 0x0000000800000000)
  region size 2M, 0 eden (0M), 3 survivor (6M), 18 old (36M), 2 humongous (4M), 22 free (44M)
}
Event: 49.175 {heap Before GC invocations=22 (full 0):
 garbage-first heap   total reserved 4194304K, committed 92160K, used 76171K [0x0000000700000000, 0x0000000800000000)
  region size 2M, 16 eden (32M), 3 survivor (6M), 18 old (36M), 2 humongous (4M), 6 free (12M)
}
Event: 49.187 {heap After GC invocations=23 (full 0):
 garbage-first heap   total reserved 4194304K, committed 92160K, used 43772K [0x0000000700000000, 0x0000000800000000)
  region size 2M, 0 eden (0M), 2 survivor (4M), 19 old (38M), 2 humongous (4M), 22 free (44M)
}
Event: 51.120 {heap Before GC invocations=23 (full 0):
 garbage-first heap   total reserved 4194304K, committed 92160K, used 72444K [0x0000000700000000, 0x0000000800000000)
  region size 2M, 16 eden (32M), 2 survivor (4M), 19 old (38M), 2 humongous (4M), 6 free (12M)
}
Event: 51.134 {heap After GC invocations=24 (full 0):
 garbage-first heap   total reserved 4194304K, committed 92160K, used 44430K [0x0000000700000000, 0x0000000800000000)
  region size 2M, 0 eden (0M), 2 survivor (4M), 19 old (38M), 2 humongous (4M), 22 free (44M)
}
Event: 55.865 {heap Before GC invocations=25 (full 0):
 garbage-first heap   total reserved 4194304K, committed 92160K, used 79246K [0x0000000700000000, 0x0000000800000000)
  region size 2M, 17 eden (34M), 2 survivor (4M), 19 old (38M), 2 humongous (4M), 5 free (10M)
}
Event: 55.880 {heap After GC invocations=26 (full 0):
 garbage-first heap   total reserved 4194304K, committed 92160K, used 45429K [0x0000000700000000, 0x0000000800000000)
  region size 2M, 0 eden (0M), 2 survivor (4M), 20 old (40M), 2 humongous (4M), 21 free (42M)
}
Event: 58.556 {heap Before GC invocations=26 (full 0):
 garbage-first heap   total reserved 4194304K, committed 92160K, used 80245K [0x0000000700000000, 0x0000000800000000)
  region size 2M, 17 eden (34M), 2 survivor (4M), 20 old (40M), 2 humongous (4M), 4 free (8M)
}
Event: 58.573 {heap After GC invocations=27 (full 0):
 garbage-first heap   total reserved 4194304K, committed 92160K, used 46603K [0x0000000700000000, 0x0000000800000000)
  region size 2M, 0 eden (0M), 2 survivor (4M), 19 old (38M), 2 humongous (4M), 22 free (44M)
}
Event: 335.538 {heap Before GC invocations=27 (full 0):
 garbage-first heap   total reserved 4194304K, committed 92160K, used 81419K [0x0000000700000000, 0x0000000800000000)
  region size 2M, 18 eden (36M), 2 survivor (4M), 19 old (38M), 2 humongous (4M), 4 free (8M)
}
Event: 335.554 {heap After GC invocations=28 (full 0):
 garbage-first heap   total reserved 4194304K, committed 92160K, used 49620K [0x0000000700000000, 0x0000000800000000)
  region size 2M, 0 eden (0M), 3 survivor (6M), 20 old (40M), 2 humongous (4M), 20 free (40M)
}
Event: 337.478 {heap Before GC invocations=29 (full 0):
 garbage-first heap   total reserved 4194304K, committed 92160K, used 82388K [0x0000000700000000, 0x0000000800000000)
  region size 2M, 16 eden (32M), 3 survivor (6M), 20 old (40M), 2 humongous (4M), 4 free (8M)
}
Event: 337.490 {heap After GC invocations=30 (full 0):
 garbage-first heap   total reserved 4194304K, committed 92160K, used 50078K [0x0000000700000000, 0x0000000800000000)
  region size 2M, 0 eden (0M), 1 survivor (2M), 22 old (44M), 2 humongous (4M), 20 free (40M)
}
Event: 341.014 {heap Before GC invocations=30 (full 0):
 garbage-first heap   total reserved 4194304K, committed 92160K, used 82846K [0x0000000700000000, 0x0000000800000000)
  region size 2M, 16 eden (32M), 1 survivor (2M), 22 old (44M), 2 humongous (4M), 4 free (8M)
}
Event: 341.023 {heap After GC invocations=31 (full 0):
 garbage-first heap   total reserved 4194304K, committed 92160K, used 49832K [0x0000000700000000, 0x0000000800000000)
  region size 2M, 0 eden (0M), 1 survivor (2M), 22 old (44M), 2 humongous (4M), 20 free (40M)
}
Event: 660.321 {heap Before GC invocations=31 (full 0):
 garbage-first heap   total reserved 4194304K, committed 92160K, used 82600K [0x0000000700000000, 0x0000000800000000)
  region size 2M, 16 eden (32M), 1 survivor (2M), 22 old (44M), 2 humongous (4M), 4 free (8M)
}
Event: 660.326 {heap After GC invocations=32 (full 0):
 garbage-first heap   total reserved 4194304K, committed 92160K, used 48754K [0x0000000700000000, 0x0000000800000000)
  region size 2M, 0 eden (0M), 1 survivor (2M), 22 old (44M), 2 humongous (4M), 20 free (40M)
}

