# JRE version: Java(TM) SE Runtime Environment (26.0+35) (build 26+35-2893)
# Java VM: Java HotSpot(TM) 64-Bit Server VM (26+35-2893, mixed mode, sharing, tiered, compressed oops, compressed class ptrs, g1 gc, windows-amd64)
GC Precious Log:
 CardTable entry size: 512
 Card Set container configuration: InlinePtr #cards 4 size 8 Array Of Cards #cards 16 size 48 Howl #buckets 8 coarsen threshold 3686 Howl Bitmap #cards 512 size 80 coarsen threshold 460 Card regions per heap region 1 cards per card region 4096
 CPUs: 12 total, 12 available
 Memory: 16071M
 Large Page Support: Disabled
 NUMA Support: Disabled
 Compressed Oops: Enabled (Zero based)
 Heap Region Size: 2M
 Heap Min Capacity: 8M
 Heap Initial Capacity: 8M
 Heap Max Capacity: 4G
 Pre-touch: Disabled
 Parallel Workers: 10
 Concurrent Workers: 3
 Concurrent Refinement Workers: 10
 Periodic GC: Disabled
Heap:
 garbage-first heap   total reserved 4194304K, committed 96256K, used 68321K [0x0000000700000000, 0x0000000800000000)
  region size 2M, 24 eden (48M), 4 survivor (8M), 5 old (10M), 2 humongous (4M), 12 free (24M)
GC Heap Usage History (20 events):
Event: 0.249 {heap Before GC invocations=0 (full 0):
 garbage-first heap   total reserved 4194304K, committed 10240K, used 5283K [0x0000000700000000, 0x0000000800000000)
  region size 2M, 2 eden (4M), 0 survivor (0M), 1 old (2M), 0 humongous (0M), 2 free (4M)
}
Event: 0.253 {heap After GC invocations=1 (full 0):
 garbage-first heap   total reserved 4194304K, committed 10240K, used 1827K [0x0000000700000000, 0x0000000800000000)
  region size 2M, 0 eden (0M), 1 survivor (2M), 1 old (2M), 0 humongous (0M), 3 free (6M)
}
Event: 0.301 {heap Before GC invocations=1 (full 0):
 garbage-first heap   total reserved 4194304K, committed 10240K, used 3875K [0x0000000700000000, 0x0000000800000000)
  region size 2M, 1 eden (2M), 1 survivor (2M), 1 old (2M), 0 humongous (0M), 2 free (4M)
}
Event: 0.304 {heap After GC invocations=2 (full 0):
 garbage-first heap   total reserved 4194304K, committed 10240K, used 1964K [0x0000000700000000, 0x0000000800000000)
  region size 2M, 0 eden (0M), 1 survivor (2M), 1 old (2M), 0 humongous (0M), 3 free (6M)
}
Event: 0.341 {heap Before GC invocations=2 (full 0):
 garbage-first heap   total reserved 4194304K, committed 10240K, used 4012K [0x0000000700000000, 0x0000000800000000)
  region size 2M, 1 eden (2M), 1 survivor (2M), 1 old (2M), 0 humongous (0M), 2 free (4M)
}
Event: 0.344 {heap After GC invocations=3 (full 0):
 garbage-first heap   total reserved 4194304K, committed 30720K, used 2001K [0x0000000700000000, 0x0000000800000000)
  region size 2M, 0 eden (0M), 1 survivor (2M), 1 old (2M), 0 humongous (0M), 13 free (26M)
}
Event: 0.608 {heap Before GC invocations=3 (full 0):
 garbage-first heap   total reserved 4194304K, committed 30720K, used 16337K [0x0000000700000000, 0x0000000800000000)
  region size 2M, 8 eden (16M), 1 survivor (2M), 1 old (2M), 0 humongous (0M), 5 free (10M)
}
Event: 0.613 {heap After GC invocations=4 (full 0):
 garbage-first heap   total reserved 4194304K, committed 30720K, used 4311K [0x0000000700000000, 0x0000000800000000)
  region size 2M, 0 eden (0M), 2 survivor (4M), 1 old (2M), 0 humongous (0M), 12 free (24M)
}
Event: 1.288 {heap Before GC invocations=4 (full 0):
 garbage-first heap   total reserved 4194304K, committed 30720K, used 20695K [0x0000000700000000, 0x0000000800000000)
  region size 2M, 7 eden (14M), 2 survivor (4M), 1 old (2M), 2 humongous (4M), 3 free (6M)
}
Event: 1.295 {heap After GC invocations=5 (full 0):
 garbage-first heap   total reserved 4194304K, committed 32768K, used 12140K [0x0000000700000000, 0x0000000800000000)
  region size 2M, 0 eden (0M), 2 survivor (4M), 3 old (6M), 2 humongous (4M), 9 free (18M)
}
Event: 1.657 {heap Before GC invocations=5 (full 0):
 garbage-first heap   total reserved 4194304K, committed 32768K, used 22380K [0x0000000700000000, 0x0000000800000000)
  region size 2M, 5 eden (10M), 2 survivor (4M), 3 old (6M), 2 humongous (4M), 4 free (8M)
}
Event: 1.661 {heap After GC invocations=6 (full 0):
 garbage-first heap   total reserved 4194304K, committed 32768K, used 12728K [0x0000000700000000, 0x0000000800000000)
  region size 2M, 0 eden (0M), 1 survivor (2M), 5 old (10M), 2 humongous (4M), 8 free (16M)
}
Event: 1.742 {heap Before GC invocations=6 (full 0):
 garbage-first heap   total reserved 4194304K, committed 32768K, used 22968K [0x0000000700000000, 0x0000000800000000)
  region size 2M, 5 eden (10M), 1 survivor (2M), 5 old (10M), 2 humongous (4M), 3 free (6M)
}
Event: 1.743 {heap After GC invocations=7 (full 0):
 garbage-first heap   total reserved 4194304K, committed 32768K, used 12912K [0x0000000700000000, 0x0000000800000000)
  region size 2M, 0 eden (0M), 1 survivor (2M), 5 old (10M), 2 humongous (4M), 8 free (16M)
}
Event: 1.878 {heap Before GC invocations=7 (full 0):
 garbage-first heap   total reserved 4194304K, committed 32768K, used 25200K [0x0000000700000000, 0x0000000800000000)
  region size 2M, 6 eden (12M), 1 survivor (2M), 5 old (10M), 2 humongous (4M), 2 free (4M)
}
Event: 1.879 {heap After GC invocations=8 (full 0):
 garbage-first heap   total reserved 4194304K, committed 32768K, used 13293K [0x0000000700000000, 0x0000000800000000)
  region size 2M, 0 eden (0M), 1 survivor (2M), 5 old (10M), 2 humongous (4M), 8 free (16M)
}
Event: 2.043 {heap Before GC invocations=8 (full 0):
 garbage-first heap   total reserved 4194304K, committed 32768K, used 25581K [0x0000000700000000, 0x0000000800000000)
  region size 2M, 6 eden (12M), 1 survivor (2M), 5 old (10M), 2 humongous (4M), 2 free (4M)
}
Event: 2.047 {heap After GC invocations=9 (full 0):
 garbage-first heap   total reserved 4194304K, committed 96256K, used 13605K [0x0000000700000000, 0x0000000800000000)
  region size 2M, 0 eden (0M), 1 survivor (2M), 5 old (10M), 2 humongous (4M), 39 free (78M)
}
Event: 3.127 {heap Before GC invocations=9 (full 0):
 garbage-first heap   total reserved 4194304K, committed 96256K, used 68901K [0x0000000700000000, 0x0000000800000000)
  region size 2M, 27 eden (54M), 1 survivor (2M), 5 old (10M), 2 humongous (4M), 12 free (24M)
}
Event: 3.134 {heap After GC invocations=10 (full 0):
 garbage-first heap   total reserved 4194304K, committed 96256K, used 21217K [0x0000000700000000, 0x0000000800000000)
  region size 2M, 0 eden (0M), 4 survivor (8M), 5 old (10M), 2 humongous (4M), 36 free (72M)
}

